2024-12-07 02:41:37,378 [INFO] Starte die Verarbeitung.
2024-12-07 02:41:39,990 [INFO] Gesamtanzahl der zu verarbeitenden Dateien: 2179
2024-12-07 02:41:40,015 [INFO] Load pretrained SentenceTransformer: sentence-transformers/all-mpnet-base-v2
2024-12-07 02:41:42,439 [INFO] Beginne mit der Verarbeitung der Datei: ../VM_Projects/60/input_data\2012\04\reddit_2012_04_06.jsonl
2024-12-07 02:41:42,440 [INFO] Verarbeite Post mit ID: rvm8z
2024-12-07 02:41:44,259 [INFO] Beginne mit der Verarbeitung der Datei: ../VM_Projects/60/input_data\2013\03\reddit_2013_03_08.jsonl
2024-12-07 02:41:44,260 [INFO] Verarbeite Post mit ID: 19w2jh
2024-12-07 02:41:46,109 [INFO] Beginne mit der Verarbeitung der Datei: ../VM_Projects/60/input_data\2014\02\reddit_2014_02_02.jsonl
2024-12-07 02:41:46,110 [INFO] Verarbeite Post mit ID: 1ws0vb
2024-12-07 02:42:23,611 [INFO] Starte die Verarbeitung.
2024-12-07 02:42:26,218 [INFO] Gesamtanzahl der zu verarbeitenden Dateien: 2179
2024-12-07 02:42:26,238 [INFO] Load pretrained SentenceTransformer: sentence-transformers/all-mpnet-base-v2
2024-12-07 02:42:28,152 [INFO] Beginne mit der Verarbeitung der Datei: ../VM_Projects/60/input_data\2012\04\reddit_2012_04_06.jsonl
2024-12-07 02:42:28,153 [INFO] Verarbeite Post mit ID: rvm8z
2024-12-07 02:42:29,846 [INFO] Beginne mit der Verarbeitung der Datei: ../VM_Projects/60/input_data\2013\03\reddit_2013_03_08.jsonl
2024-12-07 02:42:29,847 [INFO] Verarbeite Post mit ID: 19w2jh
2024-12-07 02:42:31,707 [INFO] Beginne mit der Verarbeitung der Datei: ../VM_Projects/60/input_data\2014\02\reddit_2014_02_02.jsonl
2024-12-07 02:42:31,707 [INFO] Verarbeite Post mit ID: 1ws0vb
2024-12-07 02:42:34,532 [INFO] Beginne mit der Verarbeitung der Datei: ../VM_Projects/60/input_data\2014\02\reddit_2014_02_07.jsonl
2024-12-07 02:42:34,533 [INFO] Verarbeite Post mit ID: 1xb1ig
2024-12-07 02:42:36,932 [INFO] Beginne mit der Verarbeitung der Datei: ../VM_Projects/60/input_data\2014\02\reddit_2014_02_19.jsonl
2024-12-07 02:42:36,933 [INFO] Verarbeite Post mit ID: 1yds7r
2024-12-07 02:42:38,626 [INFO] Beginne mit der Verarbeitung der Datei: ../VM_Projects/60/input_data\2014\03\reddit_2014_03_13.jsonl
2024-12-07 02:42:38,627 [INFO] Verarbeite Post mit ID: 20bmgw
2024-12-07 02:42:40,133 [INFO] Beginne mit der Verarbeitung der Datei: ../VM_Projects/60/input_data\2014\09\reddit_2014_09_15.jsonl
2024-12-07 02:42:40,134 [INFO] Verarbeite Post mit ID: 2ggtnu
2024-12-07 02:42:42,270 [INFO] Beginne mit der Verarbeitung der Datei: ../VM_Projects/60/input_data\2014\10\reddit_2014_10_23.jsonl
2024-12-07 02:42:42,297 [INFO] Verarbeite Post mit ID: 2k3wyz
2024-12-07 02:42:44,732 [INFO] Beginne mit der Verarbeitung der Datei: ../VM_Projects/60/input_data\2014\11\reddit_2014_11_02.jsonl
2024-12-07 02:42:44,732 [INFO] Verarbeite Post mit ID: 2l1hrl
2024-12-07 02:42:47,323 [INFO] Beginne mit der Verarbeitung der Datei: ../VM_Projects/60/input_data\2014\12\reddit_2014_12_11.jsonl
2024-12-07 02:42:47,325 [INFO] Verarbeite Post mit ID: 2ozd5i
2024-12-07 02:42:49,395 [INFO] Beginne mit der Verarbeitung der Datei: ../VM_Projects/60/input_data\2014\12\reddit_2014_12_13.jsonl
2024-12-07 02:42:49,396 [INFO] Verarbeite Post mit ID: 2p7fvf
2024-12-07 02:42:51,421 [INFO] Beginne mit der Verarbeitung der Datei: ../VM_Projects/60/input_data\2015\01\reddit_2015_01_27.jsonl
2024-12-07 02:42:51,422 [INFO] Verarbeite Post mit ID: 2tvymp
2024-12-07 02:42:52,941 [INFO] Verarbeite Post mit ID: 2tvtzp
2024-12-07 02:42:55,106 [INFO] Beginne mit der Verarbeitung der Datei: ../VM_Projects/60/input_data\2015\02\reddit_2015_02_05.jsonl
2024-12-07 02:42:55,108 [INFO] Verarbeite Post mit ID: 2uwxft
2024-12-07 02:42:57,518 [INFO] Beginne mit der Verarbeitung der Datei: ../VM_Projects/60/input_data\2015\02\reddit_2015_02_07.jsonl
2024-12-07 02:42:57,525 [INFO] Verarbeite Post mit ID: 2v3mal
2024-12-07 02:42:59,069 [INFO] Beginne mit der Verarbeitung der Datei: ../VM_Projects/60/input_data\2015\02\reddit_2015_02_23.jsonl
2024-12-07 02:42:59,070 [INFO] Verarbeite Post mit ID: 2wvsp2
2024-12-07 02:43:01,555 [INFO] Beginne mit der Verarbeitung der Datei: ../VM_Projects/60/input_data\2015\02\reddit_2015_02_25.jsonl
2024-12-07 02:43:01,556 [INFO] Verarbeite Post mit ID: 2x4bd4
2024-12-07 02:43:03,587 [INFO] Beginne mit der Verarbeitung der Datei: ../VM_Projects/60/input_data\2015\03\reddit_2015_03_10.jsonl
2024-12-07 02:43:03,588 [INFO] Verarbeite Post mit ID: 2yk7xc
2024-12-07 02:43:06,044 [INFO] Beginne mit der Verarbeitung der Datei: ../VM_Projects/60/input_data\2015\03\reddit_2015_03_26.jsonl
2024-12-07 02:43:06,045 [INFO] Verarbeite Post mit ID: 30e9cf
2024-12-07 02:43:07,561 [INFO] Beginne mit der Verarbeitung der Datei: ../VM_Projects/60/input_data\2015\04\reddit_2015_04_04.jsonl
2024-12-07 02:43:07,562 [INFO] Verarbeite Post mit ID: 31fjsz
2024-12-07 02:43:09,459 [INFO] Beginne mit der Verarbeitung der Datei: ../VM_Projects/60/input_data\2015\04\reddit_2015_04_23.jsonl
2024-12-07 02:43:09,462 [INFO] Verarbeite Post mit ID: 33m7uh
2024-12-07 02:43:10,922 [INFO] Beginne mit der Verarbeitung der Datei: ../VM_Projects/60/input_data\2015\04\reddit_2015_04_28.jsonl
2024-12-07 02:43:10,924 [INFO] Verarbeite Post mit ID: 345izc
2024-12-07 03:20:03,219 [INFO] Starte die Verarbeitung.
2024-12-07 03:20:10,725 [INFO] Gesamtanzahl der zu verarbeitenden Dateien: 2179
2024-12-07 03:20:10,755 [INFO] Load pretrained SentenceTransformer: sentence-transformers/all-mpnet-base-v2
2024-12-07 03:20:13,557 [INFO] Beginne mit der Verarbeitung der Datei: ../VM_Projects/60/input_data\2012\04\reddit_2012_04_06.jsonl
2024-12-07 03:20:13,558 [INFO] Verarbeite Post mit ID: rvm8z
2024-12-07 03:20:16,511 [INFO] Beginne mit der Verarbeitung der Datei: ../VM_Projects/60/input_data\2013\03\reddit_2013_03_08.jsonl
2024-12-07 03:20:16,513 [INFO] Verarbeite Post mit ID: 19w2jh
2024-12-07 03:20:19,645 [INFO] Beginne mit der Verarbeitung der Datei: ../VM_Projects/60/input_data\2014\02\reddit_2014_02_02.jsonl
2024-12-07 03:20:19,647 [INFO] Verarbeite Post mit ID: 1ws0vb
2024-12-07 03:20:23,115 [INFO] Beginne mit der Verarbeitung der Datei: ../VM_Projects/60/input_data\2014\02\reddit_2014_02_07.jsonl
2024-12-07 03:20:23,116 [INFO] Verarbeite Post mit ID: 1xb1ig
2024-12-07 03:20:26,862 [INFO] Beginne mit der Verarbeitung der Datei: ../VM_Projects/60/input_data\2014\02\reddit_2014_02_19.jsonl
2024-12-07 03:20:26,863 [INFO] Verarbeite Post mit ID: 1yds7r
2024-12-07 03:20:29,181 [INFO] Beginne mit der Verarbeitung der Datei: ../VM_Projects/60/input_data\2014\03\reddit_2014_03_13.jsonl
2024-12-07 03:20:29,182 [INFO] Verarbeite Post mit ID: 20bmgw
2024-12-07 03:20:31,622 [INFO] Beginne mit der Verarbeitung der Datei: ../VM_Projects/60/input_data\2014\09\reddit_2014_09_15.jsonl
2024-12-07 03:20:31,623 [INFO] Verarbeite Post mit ID: 2ggtnu
2024-12-07 03:20:34,869 [INFO] Beginne mit der Verarbeitung der Datei: ../VM_Projects/60/input_data\2014\10\reddit_2014_10_23.jsonl
2024-12-07 03:20:34,870 [INFO] Verarbeite Post mit ID: 2k3wyz
2024-12-07 03:20:37,652 [INFO] Beginne mit der Verarbeitung der Datei: ../VM_Projects/60/input_data\2014\11\reddit_2014_11_02.jsonl
2024-12-07 03:20:37,653 [INFO] Verarbeite Post mit ID: 2l1hrl
2024-12-07 03:20:41,322 [INFO] Beginne mit der Verarbeitung der Datei: ../VM_Projects/60/input_data\2014\12\reddit_2014_12_11.jsonl
2024-12-07 03:20:41,322 [INFO] Verarbeite Post mit ID: 2ozd5i
2024-12-07 03:20:43,889 [INFO] Beginne mit der Verarbeitung der Datei: ../VM_Projects/60/input_data\2014\12\reddit_2014_12_13.jsonl
2024-12-07 03:20:43,890 [INFO] Verarbeite Post mit ID: 2p7fvf
2024-12-07 03:20:46,443 [INFO] Beginne mit der Verarbeitung der Datei: ../VM_Projects/60/input_data\2015\01\reddit_2015_01_27.jsonl
2024-12-07 03:20:46,444 [INFO] Verarbeite Post mit ID: 2tvymp
2024-12-07 03:20:48,511 [INFO] Verarbeite Post mit ID: 2tvtzp
2024-12-07 03:20:51,680 [INFO] Beginne mit der Verarbeitung der Datei: ../VM_Projects/60/input_data\2015\02\reddit_2015_02_05.jsonl
2024-12-07 03:20:51,682 [INFO] Verarbeite Post mit ID: 2uwxft
2024-12-07 03:20:54,551 [INFO] Beginne mit der Verarbeitung der Datei: ../VM_Projects/60/input_data\2015\02\reddit_2015_02_07.jsonl
2024-12-07 03:20:54,553 [INFO] Verarbeite Post mit ID: 2v3mal
2024-12-07 03:20:56,419 [INFO] Beginne mit der Verarbeitung der Datei: ../VM_Projects/60/input_data\2015\02\reddit_2015_02_23.jsonl
2024-12-07 03:20:56,420 [INFO] Verarbeite Post mit ID: 2wvsp2
2024-12-07 03:20:58,904 [INFO] Beginne mit der Verarbeitung der Datei: ../VM_Projects/60/input_data\2015\02\reddit_2015_02_25.jsonl
2024-12-07 03:20:58,905 [INFO] Verarbeite Post mit ID: 2x4bd4
2024-12-07 03:21:01,097 [INFO] Beginne mit der Verarbeitung der Datei: ../VM_Projects/60/input_data\2015\03\reddit_2015_03_10.jsonl
2024-12-07 03:21:01,098 [INFO] Verarbeite Post mit ID: 2yk7xc
2024-12-07 03:21:04,085 [INFO] Beginne mit der Verarbeitung der Datei: ../VM_Projects/60/input_data\2015\03\reddit_2015_03_26.jsonl
2024-12-07 03:21:04,086 [INFO] Verarbeite Post mit ID: 30e9cf
2024-12-07 03:21:06,366 [INFO] Beginne mit der Verarbeitung der Datei: ../VM_Projects/60/input_data\2015\04\reddit_2015_04_04.jsonl
2024-12-07 03:21:06,368 [INFO] Verarbeite Post mit ID: 31fjsz
2024-12-07 03:21:08,972 [INFO] Beginne mit der Verarbeitung der Datei: ../VM_Projects/60/input_data\2015\04\reddit_2015_04_23.jsonl
2024-12-07 03:21:08,973 [INFO] Verarbeite Post mit ID: 33m7uh
2024-12-07 03:21:10,968 [INFO] Beginne mit der Verarbeitung der Datei: ../VM_Projects/60/input_data\2015\04\reddit_2015_04_28.jsonl
2024-12-07 03:21:10,970 [INFO] Verarbeite Post mit ID: 345izc
2024-12-07 03:21:13,667 [INFO] Beginne mit der Verarbeitung der Datei: ../VM_Projects/60/input_data\2015\06\reddit_2015_06_02.jsonl
2024-12-07 03:21:13,668 [INFO] Verarbeite Post mit ID: 385qnr
2024-12-07 03:21:16,118 [INFO] Beginne mit der Verarbeitung der Datei: ../VM_Projects/60/input_data\2015\07\reddit_2015_07_13.jsonl
2024-12-07 03:21:16,119 [INFO] Verarbeite Post mit ID: 3d4sbh
2024-12-07 03:21:18,410 [INFO] Beginne mit der Verarbeitung der Datei: ../VM_Projects/60/input_data\2015\07\reddit_2015_07_22.jsonl
2024-12-07 03:21:18,411 [INFO] Verarbeite Post mit ID: 3e7f4b
2024-12-07 03:21:20,417 [INFO] Beginne mit der Verarbeitung der Datei: ../VM_Projects/60/input_data\2015\07\reddit_2015_07_23.jsonl
2024-12-07 03:21:20,421 [INFO] Verarbeite Post mit ID: 3ed3rq
2024-12-07 03:21:23,104 [INFO] Beginne mit der Verarbeitung der Datei: ../VM_Projects/60/input_data\2015\08\reddit_2015_08_22.jsonl
2024-12-07 03:21:23,106 [INFO] Verarbeite Post mit ID: 3hxf1s
2024-12-07 03:21:25,383 [INFO] Beginne mit der Verarbeitung der Datei: ../VM_Projects/60/input_data\2015\08\reddit_2015_08_24.jsonl
2024-12-07 03:21:25,384 [INFO] Verarbeite Post mit ID: 3i5qjh
2024-12-07 03:21:27,795 [INFO] Beginne mit der Verarbeitung der Datei: ../VM_Projects/60/input_data\2015\09\reddit_2015_09_06.jsonl
2024-12-07 03:21:27,797 [INFO] Verarbeite Post mit ID: 3ju4tb
2024-12-07 03:21:30,472 [INFO] Beginne mit der Verarbeitung der Datei: ../VM_Projects/60/input_data\2015\09\reddit_2015_09_07.jsonl
2024-12-07 03:21:30,473 [INFO] Verarbeite Post mit ID: 3k0f89
2024-12-07 03:21:34,600 [INFO] Beginne mit der Verarbeitung der Datei: ../VM_Projects/60/input_data\2015\09\reddit_2015_09_09.jsonl
2024-12-07 03:21:34,602 [INFO] Verarbeite Post mit ID: 3kbejh
2024-12-07 03:21:37,143 [INFO] Beginne mit der Verarbeitung der Datei: ../VM_Projects/60/input_data\2015\09\reddit_2015_09_18.jsonl
2024-12-07 03:21:37,145 [INFO] Verarbeite Post mit ID: 3lfjyc
2024-12-07 03:21:39,606 [INFO] Beginne mit der Verarbeitung der Datei: ../VM_Projects/60/input_data\2015\10\reddit_2015_10_07.jsonl
2024-12-07 03:21:39,607 [INFO] Verarbeite Post mit ID: 3nw8h5
2024-12-07 03:21:43,462 [INFO] Beginne mit der Verarbeitung der Datei: ../VM_Projects/60/input_data\2015\10\reddit_2015_10_10.jsonl
2024-12-07 03:21:43,463 [INFO] Verarbeite Post mit ID: 3o751v
2024-12-07 03:21:46,112 [INFO] Beginne mit der Verarbeitung der Datei: ../VM_Projects/60/input_data\2015\10\reddit_2015_10_22.jsonl
2024-12-07 03:21:46,114 [INFO] Verarbeite Post mit ID: 3pteoo
2024-12-07 03:21:48,633 [INFO] Beginne mit der Verarbeitung der Datei: ../VM_Projects/60/input_data\2015\10\reddit_2015_10_31.jsonl
2024-12-07 03:21:48,635 [INFO] Verarbeite Post mit ID: 3r0rxn
2024-12-07 03:21:51,586 [INFO] Beginne mit der Verarbeitung der Datei: ../VM_Projects/60/input_data\2015\11\reddit_2015_11_25.jsonl
2024-12-07 03:21:51,588 [INFO] Verarbeite Post mit ID: 3u7n3z
2024-12-07 03:21:54,368 [INFO] Beginne mit der Verarbeitung der Datei: ../VM_Projects/60/input_data\2015\11\reddit_2015_11_30.jsonl
2024-12-07 03:21:54,369 [INFO] Verarbeite Post mit ID: 3uvoym
2024-12-07 03:21:57,841 [INFO] Beginne mit der Verarbeitung der Datei: ../VM_Projects/60/input_data\2015\12\reddit_2015_12_07.jsonl
2024-12-07 03:21:57,842 [INFO] Verarbeite Post mit ID: 3vt52s
2024-12-07 03:22:01,062 [INFO] Beginne mit der Verarbeitung der Datei: ../VM_Projects/60/input_data\2015\12\reddit_2015_12_08.jsonl
2024-12-07 03:22:01,064 [INFO] Verarbeite Post mit ID: 3vzksc
2024-12-07 03:22:04,161 [INFO] Beginne mit der Verarbeitung der Datei: ../VM_Projects/60/input_data\2016\01\reddit_2016_01_07.jsonl
2024-12-07 03:22:04,163 [INFO] Verarbeite Post mit ID: 3zwx40
2024-12-07 03:22:08,229 [INFO] Beginne mit der Verarbeitung der Datei: ../VM_Projects/60/input_data\2016\01\reddit_2016_01_14.jsonl
2024-12-07 03:22:08,230 [INFO] Verarbeite Post mit ID: 40yxha
2024-12-07 03:22:10,654 [INFO] Beginne mit der Verarbeitung der Datei: ../VM_Projects/60/input_data\2016\01\reddit_2016_01_19.jsonl
2024-12-07 03:22:10,656 [INFO] Verarbeite Post mit ID: 41p2sm
2024-12-07 03:22:13,396 [INFO] Verarbeite Post mit ID: 41qqxb
2024-12-07 03:22:15,522 [INFO] Beginne mit der Verarbeitung der Datei: ../VM_Projects/60/input_data\2016\01\reddit_2016_01_20.jsonl
2024-12-07 03:22:15,523 [INFO] Verarbeite Post mit ID: 41vh51
2024-12-07 03:22:18,224 [INFO] Beginne mit der Verarbeitung der Datei: ../VM_Projects/60/input_data\2016\01\reddit_2016_01_27.jsonl
2024-12-07 03:22:18,225 [INFO] Verarbeite Post mit ID: 42xvcs
2024-12-07 03:22:21,857 [INFO] Beginne mit der Verarbeitung der Datei: ../VM_Projects/60/input_data\2016\01\reddit_2016_01_30.jsonl
2024-12-07 03:22:21,858 [INFO] Verarbeite Post mit ID: 43febm
2024-12-07 03:22:25,070 [INFO] Beginne mit der Verarbeitung der Datei: ../VM_Projects/60/input_data\2016\02\reddit_2016_02_03.jsonl
2024-12-07 03:22:25,071 [INFO] Verarbeite Post mit ID: 4406oi
2024-12-07 03:22:27,801 [INFO] Beginne mit der Verarbeitung der Datei: ../VM_Projects/60/input_data\2016\02\reddit_2016_02_05.jsonl
2024-12-07 03:22:27,803 [INFO] Verarbeite Post mit ID: 44bc1k
2024-12-07 03:22:29,914 [INFO] Verarbeite Post mit ID: 44dgao
2024-12-07 03:22:33,330 [INFO] Beginne mit der Verarbeitung der Datei: ../VM_Projects/60/input_data\2016\02\reddit_2016_02_07.jsonl
2024-12-07 03:22:33,332 [INFO] Verarbeite Post mit ID: 44mq3n
2024-12-07 03:22:35,423 [INFO] Beginne mit der Verarbeitung der Datei: ../VM_Projects/60/input_data\2016\02\reddit_2016_02_09.jsonl
2024-12-07 03:22:35,424 [INFO] Verarbeite Post mit ID: 44upcj
2024-12-07 03:22:37,759 [INFO] Beginne mit der Verarbeitung der Datei: ../VM_Projects/60/input_data\2016\02\reddit_2016_02_10.jsonl
2024-12-07 03:22:37,760 [INFO] Verarbeite Post mit ID: 453k2q
2024-12-07 03:22:40,082 [INFO] Beginne mit der Verarbeitung der Datei: ../VM_Projects/60/input_data\2016\02\reddit_2016_02_12.jsonl
2024-12-07 03:22:40,084 [INFO] Verarbeite Post mit ID: 45cz22
2024-12-07 03:22:42,495 [INFO] Beginne mit der Verarbeitung der Datei: ../VM_Projects/60/input_data\2016\02\reddit_2016_02_19.jsonl
2024-12-07 03:22:42,497 [INFO] Verarbeite Post mit ID: 46lw2m
2024-12-07 03:22:46,418 [INFO] Beginne mit der Verarbeitung der Datei: ../VM_Projects/60/input_data\2016\02\reddit_2016_02_23.jsonl
2024-12-07 03:22:46,420 [INFO] Verarbeite Post mit ID: 473u2s
2024-12-07 03:22:48,970 [INFO] Beginne mit der Verarbeitung der Datei: ../VM_Projects/60/input_data\2016\03\reddit_2016_03_05.jsonl
2024-12-07 03:22:48,971 [INFO] Verarbeite Post mit ID: 490jtn
2024-12-07 03:22:51,540 [INFO] Beginne mit der Verarbeitung der Datei: ../VM_Projects/60/input_data\2016\03\reddit_2016_03_08.jsonl
2024-12-07 03:22:51,542 [INFO] Verarbeite Post mit ID: 49k33g
2024-12-07 03:22:54,896 [INFO] Beginne mit der Verarbeitung der Datei: ../VM_Projects/60/input_data\2016\03\reddit_2016_03_10.jsonl
2024-12-07 03:22:54,897 [INFO] Verarbeite Post mit ID: 49t6ir
2024-12-07 03:22:57,820 [INFO] Verarbeite Post mit ID: 49tth3
2024-12-07 03:23:00,881 [INFO] Beginne mit der Verarbeitung der Datei: ../VM_Projects/60/input_data\2016\03\reddit_2016_03_18.jsonl
2024-12-07 03:23:00,883 [INFO] Verarbeite Post mit ID: 4avzlu
2024-12-07 03:23:04,559 [INFO] Beginne mit der Verarbeitung der Datei: ../VM_Projects/60/input_data\2016\04\reddit_2016_04_03.jsonl
2024-12-07 03:23:04,561 [INFO] Verarbeite Post mit ID: 4d6iog
2024-12-07 03:23:06,535 [INFO] Beginne mit der Verarbeitung der Datei: ../VM_Projects/60/input_data\2016\04\reddit_2016_04_05.jsonl
2024-12-07 03:23:06,536 [INFO] Verarbeite Post mit ID: 4dgoop
2024-12-07 03:23:08,642 [INFO] Beginne mit der Verarbeitung der Datei: ../VM_Projects/60/input_data\2016\04\reddit_2016_04_14.jsonl
2024-12-07 03:23:08,645 [INFO] Verarbeite Post mit ID: 4erhy1
2024-12-07 03:23:10,909 [INFO] Beginne mit der Verarbeitung der Datei: ../VM_Projects/60/input_data\2016\04\reddit_2016_04_18.jsonl
2024-12-07 03:23:10,910 [INFO] Verarbeite Post mit ID: 4fds2h
2024-12-07 03:23:13,155 [INFO] Beginne mit der Verarbeitung der Datei: ../VM_Projects/60/input_data\2016\04\reddit_2016_04_26.jsonl
2024-12-07 03:23:13,157 [INFO] Verarbeite Post mit ID: 4gkuxi
2024-12-07 03:23:14,703 [INFO] Verarbeite Post mit ID: 4gio1g
2024-12-07 03:23:17,336 [INFO] Beginne mit der Verarbeitung der Datei: ../VM_Projects/60/input_data\2016\04\reddit_2016_04_28.jsonl
2024-12-07 03:23:17,337 [INFO] Verarbeite Post mit ID: 4gwpo3
2024-12-07 03:23:21,846 [INFO] Verarbeite Post mit ID: 4gvk3m
2024-12-07 03:23:24,155 [INFO] Verarbeite Post mit ID: 4gwgqz
2024-12-07 03:23:27,154 [INFO] Beginne mit der Verarbeitung der Datei: ../VM_Projects/60/input_data\2016\05\reddit_2016_05_01.jsonl
2024-12-07 03:23:27,155 [INFO] Verarbeite Post mit ID: 4h70s1
2024-12-07 03:23:30,132 [INFO] Beginne mit der Verarbeitung der Datei: ../VM_Projects/60/input_data\2016\05\reddit_2016_05_12.jsonl
2024-12-07 03:23:30,133 [INFO] Verarbeite Post mit ID: 4j2mly
2024-12-07 03:23:32,361 [INFO] Beginne mit der Verarbeitung der Datei: ../VM_Projects/60/input_data\2016\05\reddit_2016_05_13.jsonl
2024-12-07 03:23:32,362 [INFO] Verarbeite Post mit ID: 4j6fqj
2024-12-07 03:23:34,476 [INFO] Beginne mit der Verarbeitung der Datei: ../VM_Projects/60/input_data\2016\05\reddit_2016_05_17.jsonl
2024-12-07 03:23:34,477 [INFO] Verarbeite Post mit ID: 4joetg
2024-12-07 03:23:37,076 [INFO] Beginne mit der Verarbeitung der Datei: ../VM_Projects/60/input_data\2016\05\reddit_2016_05_20.jsonl
2024-12-07 03:23:37,078 [INFO] Verarbeite Post mit ID: 4k9duy
2024-12-07 03:23:39,940 [INFO] Beginne mit der Verarbeitung der Datei: ../VM_Projects/60/input_data\2016\05\reddit_2016_05_23.jsonl
2024-12-07 03:23:39,974 [INFO] Verarbeite Post mit ID: 4kld9h
2024-12-07 03:23:42,378 [INFO] Verarbeite Post mit ID: 4kpd5j
2024-12-07 03:23:44,660 [INFO] Verarbeite Post mit ID: 4kpxot
2024-12-07 03:23:48,253 [INFO] Beginne mit der Verarbeitung der Datei: ../VM_Projects/60/input_data\2016\05\reddit_2016_05_27.jsonl
2024-12-07 03:23:48,254 [INFO] Verarbeite Post mit ID: 4laxbj
2024-12-07 03:23:50,729 [INFO] Beginne mit der Verarbeitung der Datei: ../VM_Projects/60/input_data\2016\05\reddit_2016_05_31.jsonl
2024-12-07 03:23:50,730 [INFO] Verarbeite Post mit ID: 4ltlyd
2024-12-07 03:23:52,673 [INFO] Beginne mit der Verarbeitung der Datei: ../VM_Projects/60/input_data\2016\06\reddit_2016_06_10.jsonl
2024-12-07 03:23:52,674 [INFO] Verarbeite Post mit ID: 4ndqhs
2024-12-07 03:23:54,136 [INFO] Verarbeite Post mit ID: 4ngdke
2024-12-07 03:23:56,396 [INFO] Beginne mit der Verarbeitung der Datei: ../VM_Projects/60/input_data\2016\06\reddit_2016_06_21.jsonl
2024-12-07 03:23:56,397 [INFO] Verarbeite Post mit ID: 4p76ip
2024-12-07 03:23:57,885 [INFO] Beginne mit der Verarbeitung der Datei: ../VM_Projects/60/input_data\2016\06\reddit_2016_06_30.jsonl
2024-12-07 03:23:57,887 [INFO] Verarbeite Post mit ID: 4qnvox
2024-12-07 03:23:59,784 [INFO] Beginne mit der Verarbeitung der Datei: ../VM_Projects/60/input_data\2016\07\reddit_2016_07_09.jsonl
2024-12-07 03:23:59,785 [INFO] Verarbeite Post mit ID: 4s0yn4
2024-12-07 03:24:02,133 [INFO] Beginne mit der Verarbeitung der Datei: ../VM_Projects/60/input_data\2016\07\reddit_2016_07_13.jsonl
2024-12-07 03:24:02,134 [INFO] Verarbeite Post mit ID: 4soh10
2024-12-07 03:24:04,956 [INFO] Beginne mit der Verarbeitung der Datei: ../VM_Projects/60/input_data\2016\07\reddit_2016_07_14.jsonl
2024-12-07 03:24:04,958 [INFO] Verarbeite Post mit ID: 4ssyps
2024-12-07 03:24:07,978 [INFO] Beginne mit der Verarbeitung der Datei: ../VM_Projects/60/input_data\2016\07\reddit_2016_07_26.jsonl
2024-12-07 03:24:07,979 [INFO] Verarbeite Post mit ID: 4uq44a
2024-12-07 03:24:10,609 [INFO] Beginne mit der Verarbeitung der Datei: ../VM_Projects/60/input_data\2016\08\reddit_2016_08_02.jsonl
2024-12-07 03:24:10,611 [INFO] Verarbeite Post mit ID: 4vsmlx
2024-12-07 03:24:12,156 [INFO] Beginne mit der Verarbeitung der Datei: ../VM_Projects/60/input_data\2016\08\reddit_2016_08_03.jsonl
2024-12-07 03:24:12,157 [INFO] Verarbeite Post mit ID: 4vvptr
2024-12-07 03:24:14,569 [INFO] Beginne mit der Verarbeitung der Datei: ../VM_Projects/60/input_data\2016\08\reddit_2016_08_05.jsonl
2024-12-07 03:24:14,570 [INFO] Verarbeite Post mit ID: 4wah0a
2024-12-07 03:24:17,116 [INFO] Beginne mit der Verarbeitung der Datei: ../VM_Projects/60/input_data\2016\08\reddit_2016_08_06.jsonl
2024-12-07 03:24:17,117 [INFO] Verarbeite Post mit ID: 4wgdmx
2024-12-07 03:24:19,178 [INFO] Beginne mit der Verarbeitung der Datei: ../VM_Projects/60/input_data\2016\08\reddit_2016_08_14.jsonl
2024-12-07 03:24:19,179 [INFO] Verarbeite Post mit ID: 4xogfl
2024-12-07 03:24:22,967 [INFO] Beginne mit der Verarbeitung der Datei: ../VM_Projects/60/input_data\2016\08\reddit_2016_08_15.jsonl
2024-12-07 03:24:22,968 [INFO] Verarbeite Post mit ID: 4xqv7j
2024-12-07 03:24:25,233 [INFO] Verarbeite Post mit ID: 4xvuxt
2024-12-07 03:24:27,731 [INFO] Beginne mit der Verarbeitung der Datei: ../VM_Projects/60/input_data\2016\08\reddit_2016_08_18.jsonl
2024-12-07 03:24:27,732 [INFO] Verarbeite Post mit ID: 4yffrd
2024-12-07 03:24:29,829 [INFO] Beginne mit der Verarbeitung der Datei: ../VM_Projects/60/input_data\2016\08\reddit_2016_08_21.jsonl
2024-12-07 03:24:29,831 [INFO] Verarbeite Post mit ID: 4yuw86
2024-12-07 03:24:32,203 [INFO] Beginne mit der Verarbeitung der Datei: ../VM_Projects/60/input_data\2016\08\reddit_2016_08_23.jsonl
2024-12-07 03:24:32,204 [INFO] Verarbeite Post mit ID: 4z5d31
2024-12-07 03:24:33,851 [INFO] Verarbeite Post mit ID: 4z6lok
2024-12-07 03:24:36,263 [INFO] Beginne mit der Verarbeitung der Datei: ../VM_Projects/60/input_data\2016\08\reddit_2016_08_24.jsonl
2024-12-07 03:24:36,264 [INFO] Verarbeite Post mit ID: 4zaf5d
2024-12-07 03:24:38,718 [INFO] Beginne mit der Verarbeitung der Datei: ../VM_Projects/60/input_data\2016\08\reddit_2016_08_26.jsonl
2024-12-07 03:24:38,724 [INFO] Verarbeite Post mit ID: 4zoyec
2024-12-07 03:24:41,145 [INFO] Verarbeite Post mit ID: 4zp0j3
2024-12-07 03:24:43,593 [INFO] Beginne mit der Verarbeitung der Datei: ../VM_Projects/60/input_data\2016\08\reddit_2016_08_29.jsonl
2024-12-07 03:24:43,594 [INFO] Verarbeite Post mit ID: 507vvf
2024-12-07 03:24:45,931 [INFO] Beginne mit der Verarbeitung der Datei: ../VM_Projects/60/input_data\2016\08\reddit_2016_08_31.jsonl
2024-12-07 03:24:45,933 [INFO] Verarbeite Post mit ID: 50i0nh
2024-12-07 03:24:48,164 [INFO] Verarbeite Post mit ID: 50jyty
2024-12-07 03:24:50,754 [INFO] Beginne mit der Verarbeitung der Datei: ../VM_Projects/60/input_data\2016\09\reddit_2016_09_01.jsonl
2024-12-07 03:24:50,756 [INFO] Verarbeite Post mit ID: 50l83u
2024-12-07 03:24:52,802 [INFO] Beginne mit der Verarbeitung der Datei: ../VM_Projects/60/input_data\2016\09\reddit_2016_09_07.jsonl
2024-12-07 03:24:52,803 [INFO] Verarbeite Post mit ID: 51lqtr
2024-12-07 03:24:54,856 [INFO] Beginne mit der Verarbeitung der Datei: ../VM_Projects/60/input_data\2016\09\reddit_2016_09_08.jsonl
2024-12-07 03:24:54,858 [INFO] Verarbeite Post mit ID: 51owbx
2024-12-07 03:24:56,185 [INFO] Beginne mit der Verarbeitung der Datei: ../VM_Projects/60/input_data\2016\09\reddit_2016_09_15.jsonl
2024-12-07 03:24:56,186 [INFO] Verarbeite Post mit ID: 52wp2u
2024-12-07 03:24:58,380 [INFO] Beginne mit der Verarbeitung der Datei: ../VM_Projects/60/input_data\2016\09\reddit_2016_09_17.jsonl
2024-12-07 03:24:58,382 [INFO] Verarbeite Post mit ID: 537gm7
2024-12-07 03:25:01,491 [INFO] Beginne mit der Verarbeitung der Datei: ../VM_Projects/60/input_data\2016\09\reddit_2016_09_21.jsonl
2024-12-07 03:25:01,492 [INFO] Verarbeite Post mit ID: 53tz4m
2024-12-07 03:25:03,630 [INFO] Beginne mit der Verarbeitung der Datei: ../VM_Projects/60/input_data\2016\09\reddit_2016_09_30.jsonl
2024-12-07 03:25:03,631 [INFO] Verarbeite Post mit ID: 555fat
2024-12-07 03:25:07,416 [INFO] Beginne mit der Verarbeitung der Datei: ../VM_Projects/60/input_data\2016\10\reddit_2016_10_04.jsonl
2024-12-07 03:25:07,418 [INFO] Verarbeite Post mit ID: 55tsnv
2024-12-07 03:25:10,887 [INFO] Beginne mit der Verarbeitung der Datei: ../VM_Projects/60/input_data\2016\10\reddit_2016_10_07.jsonl
2024-12-07 03:25:10,888 [INFO] Verarbeite Post mit ID: 56d712
2024-12-07 03:25:13,390 [INFO] Beginne mit der Verarbeitung der Datei: ../VM_Projects/60/input_data\2016\10\reddit_2016_10_15.jsonl
2024-12-07 03:25:13,392 [INFO] Verarbeite Post mit ID: 57mya7
2024-12-07 03:25:15,250 [INFO] Beginne mit der Verarbeitung der Datei: ../VM_Projects/60/input_data\2016\10\reddit_2016_10_17.jsonl
2024-12-07 03:25:15,252 [INFO] Verarbeite Post mit ID: 57xgy6
2024-12-07 03:25:17,113 [INFO] Verarbeite Post mit ID: 57zhxj
2024-12-07 03:25:19,245 [INFO] Beginne mit der Verarbeitung der Datei: ../VM_Projects/60/input_data\2016\10\reddit_2016_10_18.jsonl
2024-12-07 03:25:19,246 [INFO] Verarbeite Post mit ID: 585eti
2024-12-07 03:25:21,836 [INFO] Beginne mit der Verarbeitung der Datei: ../VM_Projects/60/input_data\2016\10\reddit_2016_10_21.jsonl
2024-12-07 03:25:21,837 [INFO] Verarbeite Post mit ID: 58nwqm
2024-12-07 03:25:24,831 [INFO] Verarbeite Post mit ID: 58q33i
