2024-12-08 13:01:05,395 [WARNING] Beginne mit der Verarbeitung der Datei: ../VM_Projects_Copy/100/input_data\2016\03\reddit_2016_03_31.jsonl
2024-12-08 13:01:05,397 [WARNING] Verarbeite Post mit ID: 4cqxld
2024-12-08 13:01:10,214 [WARNING] Beginne mit der Verarbeitung der Datei: ../VM_Projects_Copy/100/input_data\2016\10\reddit_2016_10_31.jsonl
2024-12-08 13:01:10,215 [WARNING] Verarbeite Post mit ID: 5aag4r
2024-12-08 13:01:15,007 [WARNING] Beginne mit der Verarbeitung der Datei: ../VM_Projects_Copy/100/input_data\2017\01\reddit_2017_01_11.jsonl
2024-12-08 13:01:15,008 [WARNING] Verarbeite Post mit ID: 5nbyxh
2024-12-08 13:01:17,991 [WARNING] Beginne mit der Verarbeitung der Datei: ../VM_Projects_Copy/100/input_data\2017\03\reddit_2017_03_14.jsonl
2024-12-08 13:01:17,992 [WARNING] Verarbeite Post mit ID: 5zcln9
2024-12-08 13:01:22,438 [WARNING] Beginne mit der Verarbeitung der Datei: ../VM_Projects_Copy/100/input_data\2017\04\reddit_2017_04_03.jsonl
2024-12-08 13:01:22,440 [WARNING] Beginne mit der Verarbeitung der Datei: ../VM_Projects_Copy/100/input_data\2017\07\reddit_2017_07_27.jsonl
2024-12-08 13:01:22,441 [WARNING] Verarbeite Post mit ID: 6pxr4e
2024-12-08 13:01:25,195 [WARNING] Verarbeite Post mit ID: 6pylpz
2024-12-08 13:01:27,900 [WARNING] Verarbeite Post mit ID: 6pyqes
2024-12-08 13:01:31,261 [WARNING] Beginne mit der Verarbeitung der Datei: ../VM_Projects_Copy/100/input_data\2018\03\reddit_2018_03_03.jsonl
2024-12-08 13:01:31,262 [WARNING] Verarbeite Post mit ID: 81kb8k
2024-12-08 13:01:34,704 [WARNING] Beginne mit der Verarbeitung der Datei: ../VM_Projects_Copy/100/input_data\2018\03\reddit_2018_03_16.jsonl
2024-12-08 13:01:34,706 [WARNING] Verarbeite Post mit ID: 84wq9h
2024-12-08 13:01:37,926 [WARNING] Beginne mit der Verarbeitung der Datei: ../VM_Projects_Copy/100/input_data\2018\03\reddit_2018_03_22.jsonl
2024-12-08 13:01:37,927 [WARNING] Verarbeite Post mit ID: 86bwjg
2024-12-08 13:01:43,840 [WARNING] Verarbeite Post mit ID: 86e49c
2024-12-08 13:01:48,238 [WARNING] Beginne mit der Verarbeitung der Datei: ../VM_Projects_Copy/100/input_data\2018\04\reddit_2018_04_05.jsonl
2024-12-08 13:01:48,239 [WARNING] Verarbeite Post mit ID: 8a3b00
2024-12-08 13:01:50,030 [WARNING] Beginne mit der Verarbeitung der Datei: ../VM_Projects_Copy/100/input_data\2018\04\reddit_2018_04_30.jsonl
2024-12-08 13:01:50,032 [WARNING] Verarbeite Post mit ID: 8g0ugs
2024-12-08 13:01:53,778 [WARNING] Beginne mit der Verarbeitung der Datei: ../VM_Projects_Copy/100/input_data\2018\05\reddit_2018_05_26.jsonl
2024-12-08 13:01:53,779 [WARNING] Verarbeite Post mit ID: 8m6sk3
2024-12-08 13:01:56,667 [WARNING] Verarbeite Post mit ID: 8md374
2024-12-08 13:01:59,332 [WARNING] Beginne mit der Verarbeitung der Datei: ../VM_Projects_Copy/100/input_data\2018\07\reddit_2018_07_03.jsonl
2024-12-08 13:01:59,334 [WARNING] Verarbeite Post mit ID: 8vwwyn
2024-12-08 13:02:02,516 [WARNING] Verarbeite Post mit ID: 8vso46
2024-12-08 13:02:04,982 [WARNING] Verarbeite Post mit ID: 8vsp0z
2024-12-08 13:02:06,846 [WARNING] Beginne mit der Verarbeitung der Datei: ../VM_Projects_Copy/100/input_data\2018\07\reddit_2018_07_22.jsonl
2024-12-08 13:02:06,848 [WARNING] Verarbeite Post mit ID: 90wtpl
2024-12-08 13:02:09,448 [WARNING] Verarbeite Post mit ID: 90zn3w
2024-12-08 13:02:12,148 [WARNING] Beginne mit der Verarbeitung der Datei: ../VM_Projects_Copy/100/input_data\2018\07\reddit_2018_07_29.jsonl
2024-12-08 13:02:12,150 [WARNING] Verarbeite Post mit ID: 92upxq
2024-12-08 13:02:17,217 [WARNING] Beginne mit der Verarbeitung der Datei: ../VM_Projects_Copy/100/input_data\2018\08\reddit_2018_08_18.jsonl
2024-12-08 13:02:17,218 [WARNING] Verarbeite Post mit ID: 987bs2
2024-12-08 13:02:19,953 [WARNING] Verarbeite Post mit ID: 989o1n
2024-12-08 13:02:22,775 [WARNING] Verarbeite Post mit ID: 98cp7z
2024-12-08 13:02:24,803 [WARNING] Beginne mit der Verarbeitung der Datei: ../VM_Projects_Copy/100/input_data\2018\11\reddit_2018_11_30.jsonl
2024-12-08 13:02:24,804 [WARNING] Verarbeite Post mit ID: a1u3eh
2024-12-08 13:02:26,527 [WARNING] Verarbeite Post mit ID: a1nz9k
2024-12-08 13:02:30,466 [WARNING] Beginne mit der Verarbeitung der Datei: ../VM_Projects_Copy/100/input_data\2019\01\reddit_2019_01_02.jsonl
2024-12-08 13:02:30,468 [WARNING] Verarbeite Post mit ID: abwbm0
2024-12-08 13:02:33,306 [WARNING] Verarbeite Post mit ID: aby4q2
